<?xml version="1.0" encoding="UTF-8"?>
<testng-results skipped="0" failed="0" total="3" passed="3">
  <reporter-output>
  </reporter-output>
  <suite name="Suite" duration-ms="6815" started-at="2020-08-23T04:13:27Z" finished-at="2020-08-23T04:13:34Z">
    <groups>
      <group name="cucumber">
        <method signature="AbstractTestNGCucumberTests.runScenario(io.cucumber.testng.PickleWrapper, io.cucumber.testng.FeatureWrapper)[pri:0, instance:testrunner.TestRunner@589838eb]" name="runScenario" class="io.cucumber.testng.AbstractTestNGCucumberTests"/>
      </group> <!-- cucumber -->
    </groups>
    <test name="Test" duration-ms="6815" started-at="2020-08-23T04:13:27Z" finished-at="2020-08-23T04:13:34Z">
      <class name="testrunner.TestRunner">
        <test-method status="PASS" signature="setUpClass()[pri:0, instance:testrunner.TestRunner@589838eb]" name="setUpClass" is-config="true" duration-ms="362" started-at="2020-08-23T09:43:27Z" finished-at="2020-08-23T09:43:27Z">
          <reporter-output>
          </reporter-output>
        </test-method> <!-- setUpClass -->
        <test-method status="PASS" signature="runScenario(io.cucumber.testng.PickleWrapper, io.cucumber.testng.FeatureWrapper)[pri:0, instance:testrunner.TestRunner@589838eb]" name="runScenario" duration-ms="4270" started-at="2020-08-23T09:43:27Z" description="Runs Cucumber Scenarios" data-provider="scenarios" finished-at="2020-08-23T09:43:31Z">
          <params>
            <param index="0">
              <value>
                <![CDATA["Validate Add Place API"]]>
              </value>
            </param>
            <param index="1">
              <value>
                <![CDATA["Optional[Validate Google Place API's]"]]>
              </value>
            </param>
          </params>
          <reporter-output>
          </reporter-output>
        </test-method> <!-- runScenario -->
        <test-method status="PASS" signature="runScenario(io.cucumber.testng.PickleWrapper, io.cucumber.testng.FeatureWrapper)[pri:0, instance:testrunner.TestRunner@589838eb]" name="runScenario" duration-ms="437" started-at="2020-08-23T09:43:31Z" description="Runs Cucumber Scenarios" data-provider="scenarios" finished-at="2020-08-23T09:43:32Z">
          <params>
            <param index="0">
              <value>
                <![CDATA["Validate Add Place API"]]>
              </value>
            </param>
            <param index="1">
              <value>
                <![CDATA["Optional[Validate Google Place API's]"]]>
              </value>
            </param>
          </params>
          <reporter-output>
          </reporter-output>
        </test-method> <!-- runScenario -->
        <test-method status="PASS" signature="runScenario(io.cucumber.testng.PickleWrapper, io.cucumber.testng.FeatureWrapper)[pri:0, instance:testrunner.TestRunner@589838eb]" name="runScenario" duration-ms="1701" started-at="2020-08-23T09:43:32Z" description="Runs Cucumber Scenarios" data-provider="scenarios" finished-at="2020-08-23T09:43:34Z">
          <params>
            <param index="0">
              <value>
                <![CDATA["Validate Get Place API"]]>
              </value>
            </param>
            <param index="1">
              <value>
                <![CDATA["Optional[Validate Google Place API's]"]]>
              </value>
            </param>
          </params>
          <reporter-output>
          </reporter-output>
        </test-method> <!-- runScenario -->
        <test-method status="PASS" signature="tearDownClass()[pri:0, instance:testrunner.TestRunner@589838eb]" name="tearDownClass" is-config="true" duration-ms="14" started-at="2020-08-23T09:43:34Z" finished-at="2020-08-23T09:43:34Z">
          <reporter-output>
          </reporter-output>
        </test-method> <!-- tearDownClass -->
      </class> <!-- testrunner.TestRunner -->
    </test> <!-- Test -->
  </suite> <!-- Suite -->
</testng-results>
